This file contains any messages produced by compilers while
running configure, to aid debugging if configure makes a mistake.

It was created by gfind configure 1.0, which was
generated by GNU Autoconf 2.69.  Invocation command line was

  $ ./configure 

## --------- ##
## Platform. ##
## --------- ##

hostname = grammar
uname -m = x86_64
uname -r = 4.18.0-372.32.1.el8_6.x86_64
uname -s = Linux
uname -v = #1 SMP Thu Oct 27 15:18:36 UTC 2022

/usr/bin/uname -p = x86_64
/bin/uname -X     = unknown

/bin/arch              = x86_64
/usr/bin/arch -k       = unknown
/usr/convex/getsysinfo = unknown
/usr/bin/hostinfo      = unknown
/bin/machine           = unknown
/usr/bin/oslevel       = unknown
/bin/universe          = unknown

PATH: /opt/ohpc/pub/libs/hdf5/bin
PATH: /opt/ohpc/pub/libs/gnu12/gsl/2.7.1/bin
PATH: /opt/ohpc/pub/compiler/gcc/12.2.0/bin
PATH: /opt/ohpc/pub/openmpi/4.1.6_INTEL/bin
PATH: /opt/ohpc/pub/intel/oneapi/compiler/2021.3.0/linux/bin/intel64
PATH: /opt/ohpc/pub/intel/oneapi/compiler/2021.3.0/linux/bin
PATH: /home/kjhan/local/bin
PATH: /home/kjhan/bin
PATH: /usr/lib64/ccache
PATH: /usr/local/bin
PATH: /usr/bin
PATH: /usr/local/sbin
PATH: /usr/sbin


## ----------- ##
## Core tests. ##
## ----------- ##

configure:1889: checking for gcc
configure:1905: found /opt/ohpc/pub/compiler/gcc/12.2.0/bin/gcc
configure:1916: result: gcc
configure:2145: checking for C compiler version
configure:2154: gcc --version >&5
gcc (GCC) 12.2.0
Copyright (C) 2022 Free Software Foundation, Inc.
This is free software; see the source for copying conditions.  There is NO
warranty; not even for MERCHANTABILITY or FITNESS FOR A PARTICULAR PURPOSE.

configure:2165: $? = 0
configure:2154: gcc -v >&5
Using built-in specs.
COLLECT_GCC=gcc
COLLECT_LTO_WRAPPER=/opt/ohpc/pub/compiler/gcc/12.2.0/libexec/gcc/x86_64-pc-linux-gnu/12.2.0/lto-wrapper
Target: x86_64-pc-linux-gnu
Configured with: ../configure --disable-multilib --enable-languages=c,c++,fortran --prefix=/opt/ohpc/pub/compiler/gcc/12.2.0 --disable-static --enable-shared
Thread model: posix
Supported LTO compression algorithms: zlib
gcc version 12.2.0 (GCC) 
configure:2165: $? = 0
configure:2154: gcc -V >&5
gcc: error: unrecognized command-line option '-V'
gcc: fatal error: no input files
compilation terminated.
configure:2165: $? = 1
configure:2154: gcc -qversion >&5
gcc: error: unrecognized command-line option '-qversion'; did you mean '--version'?
gcc: fatal error: no input files
compilation terminated.
configure:2165: $? = 1
configure:2185: checking whether the C compiler works
configure:2207: gcc    conftest.c  >&5
configure:2211: $? = 0
configure:2259: result: yes
configure:2262: checking for C compiler default output file name
configure:2264: result: a.out
configure:2270: checking for suffix of executables
configure:2277: gcc -o conftest    conftest.c  >&5
configure:2281: $? = 0
configure:2303: result: 
configure:2325: checking whether we are cross compiling
configure:2333: gcc -o conftest    conftest.c  >&5
configure:2337: $? = 0
configure:2344: ./conftest
configure:2348: $? = 0
configure:2363: result: no
configure:2368: checking for suffix of object files
configure:2390: gcc -c   conftest.c >&5
configure:2394: $? = 0
configure:2415: result: o
configure:2419: checking whether we are using the GNU C compiler
configure:2438: gcc -c   conftest.c >&5
configure:2438: $? = 0
configure:2447: result: yes
configure:2456: checking whether gcc accepts -g
configure:2476: gcc -c -g  conftest.c >&5
configure:2476: $? = 0
configure:2517: result: yes
configure:2534: checking for gcc option to accept ISO C89
configure:2597: gcc  -c -g -O2  conftest.c >&5
configure:2597: $? = 0
configure:2610: result: none needed
configure:2683: checking for gfortran
configure:2699: found /opt/ohpc/pub/compiler/gcc/12.2.0/bin/gfortran
configure:2710: result: gfortran
configure:2736: checking for Fortran compiler version
configure:2745: gfortran --version >&5
GNU Fortran (GCC) 12.2.0
Copyright (C) 2022 Free Software Foundation, Inc.
This is free software; see the source for copying conditions.  There is NO
warranty; not even for MERCHANTABILITY or FITNESS FOR A PARTICULAR PURPOSE.

configure:2756: $? = 0
configure:2745: gfortran -v >&5
Using built-in specs.
COLLECT_GCC=gfortran
COLLECT_LTO_WRAPPER=/opt/ohpc/pub/compiler/gcc/12.2.0/libexec/gcc/x86_64-pc-linux-gnu/12.2.0/lto-wrapper
Target: x86_64-pc-linux-gnu
Configured with: ../configure --disable-multilib --enable-languages=c,c++,fortran --prefix=/opt/ohpc/pub/compiler/gcc/12.2.0 --disable-static --enable-shared
Thread model: posix
Supported LTO compression algorithms: zlib
gcc version 12.2.0 (GCC) 
configure:2756: $? = 0
configure:2745: gfortran -V >&5
gfortran: error: unrecognized command-line option '-V'
gfortran: fatal error: no input files
compilation terminated.
configure:2756: $? = 1
configure:2745: gfortran -qversion >&5
gfortran: error: unrecognized command-line option '-qversion'; did you mean '--version'?
gfortran: fatal error: no input files
compilation terminated.
configure:2756: $? = 1
configure:2765: checking whether we are using the GNU Fortran compiler
configure:2778: gfortran -c   conftest.F >&5
configure:2778: $? = 0
configure:2787: result: yes
configure:2793: checking whether gfortran accepts -g
configure:2804: gfortran -c -g  conftest.f >&5
configure:2804: $? = 0
configure:2812: result: yes
configure:2884: checking for ranlib
configure:2900: found /usr/bin/ranlib
configure:2911: result: ranlib
configure:2989: checking for sqrt in -lm
configure:3014: gcc -o conftest -g -O2 -DDEBUG  @OPT@ -mcmodel=medium conftest.c -lm  -lm >&5
conftest.c:16:6: warning: conflicting types for built-in function 'sqrt'; expected 'double(double)' [-Wbuiltin-declaration-mismatch]
   16 | char sqrt ();
      |      ^~~~
conftest.c:1:1: note: 'sqrt' is declared in header '<math.h>'
    1 | /* confdefs.h */
/usr/bin/ld: cannot find @OPT@: No such file or directory
collect2: error: ld returned 1 exit status
configure:3014: $? = 1
configure: failed program was:
| /* confdefs.h */
| #define PACKAGE_NAME "gfind"
| #define PACKAGE_TARNAME "gfind"
| #define PACKAGE_VERSION "1.0"
| #define PACKAGE_STRING "gfind 1.0"
| #define PACKAGE_BUGREPORT "user@example.com"
| #define PACKAGE_URL ""
| /* end confdefs.h.  */
| 
| /* Override any GCC internal prototype to avoid an error.
|    Use char because int might match the return type of a GCC
|    builtin and then its argument prototype would still apply.  */
| #ifdef __cplusplus
| extern "C"
| #endif
| char sqrt ();
| int
| main ()
| {
| return sqrt ();
|   ;
|   return 0;
| }
configure:3023: result: no
configure:3038: checking for inline
configure:3054: gcc -c -g -O2 -DDEBUG  conftest.c >&5
configure:3054: $? = 0
configure:3062: result: inline
configure:3199: creating ./config.status

## ---------------------- ##
## Running config.status. ##
## ---------------------- ##

This file was extended by gfind config.status 1.0, which was
generated by GNU Autoconf 2.69.  Invocation command line was

  CONFIG_FILES    = 
  CONFIG_HEADERS  = 
  CONFIG_LINKS    = 
  CONFIG_COMMANDS = 
  $ ./config.status 

on grammar

config.status:793: creating Makefile
config.status:779: error: cannot find input file: `config.h.in'

## ---------------- ##
## Cache variables. ##
## ---------------- ##

ac_cv_c_compiler_gnu=yes
ac_cv_c_inline=inline
ac_cv_env_CC_set=
ac_cv_env_CC_value=
ac_cv_env_CFLAGS_set=
ac_cv_env_CFLAGS_value=
ac_cv_env_CPPFLAGS_set=
ac_cv_env_CPPFLAGS_value=
ac_cv_env_FCFLAGS_set=
ac_cv_env_FCFLAGS_value=
ac_cv_env_FC_set=
ac_cv_env_FC_value=
ac_cv_env_FFLAGS_set=
ac_cv_env_FFLAGS_value=
ac_cv_env_LDFLAGS_set=
ac_cv_env_LDFLAGS_value=
ac_cv_env_LIBS_set=
ac_cv_env_LIBS_value=
ac_cv_env_build_alias_set=
ac_cv_env_build_alias_value=
ac_cv_env_host_alias_set=
ac_cv_env_host_alias_value=
ac_cv_env_target_alias_set=
ac_cv_env_target_alias_value=
ac_cv_fc_compiler_gnu=yes
ac_cv_lib_m_sqrt=no
ac_cv_objext=o
ac_cv_prog_ac_ct_CC=gcc
ac_cv_prog_ac_ct_FC=gfortran
ac_cv_prog_ac_ct_RANLIB=ranlib
ac_cv_prog_cc_c89=
ac_cv_prog_cc_g=yes
ac_cv_prog_fc_g=yes

## ----------------- ##
## Output variables. ##
## ----------------- ##

CC='gcc'
CFLAGS='-g -O2 -DDEBUG'
CPPFLAGS=''
DEFS='-DHAVE_CONFIG_H'
DFLAGS='-DNMEG=400000L -D_LARGE_FILES'
ECHO_C=''
ECHO_N='-n'
ECHO_T=''
EXEEXT=''
FC='gfortran'
FCFLAGS='-g -O2'
FFLAGS='@DFLAGS@ @OPT@ -mcmodel=medium -DDEBUG'
LDFLAGS='@OPT@ -mcmodel=medium'
LIBOBJS=''
LIBS='-lm'
LTLIBOBJS=''
OBJEXT='o'
OBJS='gfind.o Memory2.o force_spline.mod3.o ost.o subhaloden.mod6.o nrutil.o b2l.o spline.mod2.o nnost.o  utils.o mkRtidal.o tsc_omp2.o'
OPT='-g -qopenmp -DINDEX -DVarPM -DXYZDBL -DNENER=0 -DNPRE=8 -DREAD_SINK -DNCHEM=9 -DNDUST=4 -DADV'
PACKAGE_BUGREPORT='user@example.com'
PACKAGE_NAME='gfind'
PACKAGE_STRING='gfind 1.0'
PACKAGE_TARNAME='gfind'
PACKAGE_URL=''
PACKAGE_VERSION='1.0'
PATH_SEPARATOR=':'
PROGS='gfind.exe'
RANLIB='ranlib'
SHELL='/bin/sh'
ac_ct_CC='gcc'
ac_ct_FC='gfortran'
bindir='${exec_prefix}/bin'
build_alias=''
datadir='${datarootdir}'
datarootdir='${prefix}/share'
docdir='${datarootdir}/doc/${PACKAGE_TARNAME}'
dvidir='${docdir}'
exec_prefix='${prefix}'
host_alias=''
htmldir='${docdir}'
includedir='${prefix}/include'
infodir='${datarootdir}/info'
libdir='${exec_prefix}/lib'
libexecdir='${exec_prefix}/libexec'
localedir='${datarootdir}/locale'
localstatedir='${prefix}/var'
mandir='${datarootdir}/man'
oldincludedir='/usr/include'
pdfdir='${docdir}'
prefix='/usr/local'
program_transform_name='s,x,x,'
psdir='${docdir}'
sbindir='${exec_prefix}/sbin'
sharedstatedir='${prefix}/com'
sysconfdir='${prefix}/etc'
target_alias=''

## ----------- ##
## confdefs.h. ##
## ----------- ##

/* confdefs.h */
#define PACKAGE_NAME "gfind"
#define PACKAGE_TARNAME "gfind"
#define PACKAGE_VERSION "1.0"
#define PACKAGE_STRING "gfind 1.0"
#define PACKAGE_BUGREPORT "user@example.com"
#define PACKAGE_URL ""

configure: exit 1
